2025-05-27 11:51:20.822 | INFO     | __main__:<module>:9 - [START SERVER]
2025-05-27 11:51:20.822 | INFO     | __main__:<module>:10 - Runtime Mode | None
2025-05-27 11:51:21.170 | INFO     | __main__:<module>:11 - Operate System | macOS-15.5-arm64-arm-64bit
2025-05-27 11:51:21.171 | INFO     | __main__:<module>:12 - Python Edition | 3.11.9 (v3.11.9:de54cf5be3, Apr  2 2024, 07:12:50) [Clang 13.0.0 (clang-1300.0.29.30)]
2025-05-27 11:53:22.078 | INFO     | __main__:<module>:9 - [START SERVER]
2025-05-27 11:53:22.078 | INFO     | __main__:<module>:10 - Runtime Mode | None
2025-05-27 11:53:22.092 | INFO     | __main__:<module>:11 - Operate System | macOS-15.5-arm64-arm-64bit
2025-05-27 11:53:22.092 | INFO     | __main__:<module>:12 - Python Edition | 3.11.9 (v3.11.9:de54cf5be3, Apr  2 2024, 07:12:50) [Clang 13.0.0 (clang-1300.0.29.30)]
2025-05-27 11:54:32.211 | INFO     | __main__:<module>:9 - [START SERVER]
2025-05-27 11:54:32.211 | INFO     | __main__:<module>:10 - Runtime Mode | None
2025-05-27 11:54:32.226 | INFO     | __main__:<module>:11 - Operate System | macOS-15.5-arm64-arm-64bit
2025-05-27 11:54:32.226 | INFO     | __main__:<module>:12 - Python Edition | 3.11.9 (v3.11.9:de54cf5be3, Apr  2 2024, 07:12:50) [Clang 13.0.0 (clang-1300.0.29.30)]
2025-05-27 11:56:50.962 | INFO     | __main__:<module>:9 - [START SERVER]
2025-05-27 11:56:50.962 | INFO     | __main__:<module>:10 - Runtime Mode | None
2025-05-27 11:56:50.980 | INFO     | __main__:<module>:11 - Operate System | macOS-15.5-arm64-arm-64bit
2025-05-27 11:56:50.980 | INFO     | __main__:<module>:12 - Python Edition | 3.11.9 (v3.11.9:de54cf5be3, Apr  2 2024, 07:12:50) [Clang 13.0.0 (clang-1300.0.29.30)]
2025-05-27 11:58:27.301 | INFO     | __main__:<module>:9 - [START SERVER]
2025-05-27 11:58:27.301 | INFO     | __main__:<module>:10 - Runtime Mode | None
2025-05-27 11:58:27.316 | INFO     | __main__:<module>:11 - Operate System | macOS-15.5-arm64-arm-64bit
2025-05-27 11:58:27.316 | INFO     | __main__:<module>:12 - Python Edition | 3.11.9 (v3.11.9:de54cf5be3, Apr  2 2024, 07:12:50) [Clang 13.0.0 (clang-1300.0.29.30)]
2025-05-27 20:48:32.101 | INFO     | __main__:<module>:9 - [START SERVER]
2025-05-27 20:48:32.102 | INFO     | __main__:<module>:10 - Runtime Mode | None
2025-05-27 20:48:32.150 | INFO     | __main__:<module>:11 - Operate System | Windows-10-10.0.19045-SP0
2025-05-27 20:48:32.150 | INFO     | __main__:<module>:12 - Python Edition | 3.11.9 (tags/v3.11.9:de54cf5, Apr  2 2024, 10:12:12) [MSC v.1938 64 bit (AMD64)]
2025-05-27 22:11:19.458 | INFO     | __main__:<module>:9 - [START SERVER]
2025-05-27 22:11:19.459 | INFO     | __main__:<module>:10 - Runtime Mode | None
2025-05-27 22:11:19.487 | INFO     | __main__:<module>:11 - Operate System | Windows-10-10.0.19045-SP0
2025-05-27 22:11:19.487 | INFO     | __main__:<module>:12 - Python Edition | 3.11.9 (tags/v3.11.9:de54cf5, Apr  2 2024, 10:12:12) [MSC v.1938 64 bit (AMD64)]
2025-05-27 22:11:48.537 | INFO     | __main__:<module>:9 - [START SERVER]
2025-05-27 22:11:48.538 | INFO     | __main__:<module>:10 - Runtime Mode | None
2025-05-27 22:11:48.579 | INFO     | __main__:<module>:11 - Operate System | Windows-10-10.0.19045-SP0
2025-05-27 22:11:48.580 | INFO     | __main__:<module>:12 - Python Edition | 3.11.9 (tags/v3.11.9:de54cf5, Apr  2 2024, 10:12:12) [MSC v.1938 64 bit (AMD64)]
2025-05-27 22:12:03.039 | INFO     | __main__:<module>:9 - [START SERVER]
2025-05-27 22:12:03.040 | INFO     | __main__:<module>:10 - Runtime Mode | None
2025-05-27 22:12:03.063 | INFO     | __main__:<module>:11 - Operate System | Windows-10-10.0.19045-SP0
2025-05-27 22:12:03.063 | INFO     | __main__:<module>:12 - Python Edition | 3.11.9 (tags/v3.11.9:de54cf5, Apr  2 2024, 10:12:12) [MSC v.1938 64 bit (AMD64)]
2025-05-27 22:12:04.585 | INFO     | src.server.service.auth_service:user_login:10 - {'status': 200, 'message': 'login success', 'data': None}
2025-05-27 22:12:05.151 | INFO     | src.server.service.auth_service:user_login:10 - {'status': 200, 'message': 'login success', 'data': None}
2025-05-27 22:12:05.303 | INFO     | src.server.service.auth_service:user_login:10 - {'status': 200, 'message': 'login success', 'data': None}
2025-05-27 22:12:05.457 | INFO     | src.server.service.auth_service:user_login:10 - {'status': 200, 'message': 'login success', 'data': None}
2025-05-27 22:12:05.608 | INFO     | src.server.service.auth_service:user_login:10 - {'status': 200, 'message': 'login success', 'data': None}
2025-05-27 22:12:05.741 | INFO     | src.server.service.auth_service:user_login:10 - {'status': 200, 'message': 'login success', 'data': None}
2025-05-27 22:12:05.886 | INFO     | src.server.service.auth_service:user_login:10 - {'status': 200, 'message': 'login success', 'data': None}
2025-05-27 22:12:06.042 | INFO     | src.server.service.auth_service:user_login:10 - {'status': 200, 'message': 'login success', 'data': None}
2025-05-27 22:12:06.184 | INFO     | src.server.service.auth_service:user_login:10 - {'status': 200, 'message': 'login success', 'data': None}
2025-05-27 22:12:06.338 | INFO     | src.server.service.auth_service:user_login:10 - {'status': 200, 'message': 'login success', 'data': None}
2025-05-27 22:12:31.264 | INFO     | src.server.service.auth_service:user_login:10 - {'status': 200, 'message': 'login success', 'data': None}
2025-05-27 22:12:31.658 | INFO     | src.server.service.auth_service:user_login:10 - {'status': 200, 'message': 'login success', 'data': None}
2025-05-27 22:12:31.810 | INFO     | src.server.service.auth_service:user_login:10 - {'status': 200, 'message': 'login success', 'data': None}
2025-05-27 22:12:31.951 | INFO     | src.server.service.auth_service:user_login:10 - {'status': 200, 'message': 'login success', 'data': None}
2025-05-27 22:12:32.095 | INFO     | src.server.service.auth_service:user_login:10 - {'status': 200, 'message': 'login success', 'data': None}
2025-05-27 22:12:32.242 | INFO     | src.server.service.auth_service:user_login:10 - {'status': 200, 'message': 'login success', 'data': None}
2025-05-27 22:12:49.575 | INFO     | src.server.service.auth_service:user_login:10 - {'status': 200, 'message': 'login success', 'data': None}
2025-05-27 22:12:55.941 | INFO     | src.server.service.auth_service:user_login:10 - {'status': 200, 'message': 'login success', 'data': None}
2025-05-27 22:13:36.467 | INFO     | src.server.service.auth_service:user_login:10 - {'status': 200, 'message': 'login success', 'data': None}
2025-05-27 22:15:18.125 | INFO     | src.server.service.auth_service:user_login:10 - {'status': 200, 'message': 'login success', 'data': None}
2025-05-27 22:16:10.471 | INFO     | src.server.service.auth_service:user_login:10 - {'status': 200, 'message': 'login success', 'data': None}
2025-05-27 22:16:40.341 | INFO     | src.server.service.auth_service:user_login:10 - {'status': 200, 'message': 'login success', 'data': None}
2025-05-27 22:16:48.567 | INFO     | src.server.service.auth_service:user_login:10 - {'status': 200, 'message': 'login success', 'data': None}
2025-05-27 22:16:49.025 | INFO     | src.server.service.auth_service:user_login:10 - {'status': 200, 'message': 'login success', 'data': None}
2025-05-27 22:16:49.176 | INFO     | src.server.service.auth_service:user_login:10 - {'status': 200, 'message': 'login success', 'data': None}
2025-05-27 22:16:49.320 | INFO     | src.server.service.auth_service:user_login:10 - {'status': 200, 'message': 'login success', 'data': None}
2025-05-27 22:16:49.459 | INFO     | src.server.service.auth_service:user_login:10 - {'status': 200, 'message': 'login success', 'data': None}
2025-05-27 22:16:49.593 | INFO     | src.server.service.auth_service:user_login:10 - {'status': 200, 'message': 'login success', 'data': None}
2025-05-27 22:16:59.400 | INFO     | src.server.service.auth_service:user_login:10 - {'status': 200, 'message': 'login success', 'data': None}
2025-05-27 22:16:59.545 | INFO     | src.server.service.auth_service:user_login:10 - {'status': 200, 'message': 'login success', 'data': None}
2025-05-27 22:16:59.886 | INFO     | src.server.service.auth_service:user_login:10 - {'status': 200, 'message': 'login success', 'data': None}
2025-05-27 22:17:00.032 | INFO     | src.server.service.auth_service:user_login:10 - {'status': 200, 'message': 'login success', 'data': None}
2025-05-27 22:17:00.495 | INFO     | src.server.service.auth_service:user_login:10 - {'status': 200, 'message': 'login success', 'data': None}
2025-05-27 22:17:00.660 | INFO     | src.server.service.auth_service:user_login:10 - {'status': 200, 'message': 'login success', 'data': None}
2025-05-27 22:17:00.812 | INFO     | src.server.service.auth_service:user_login:10 - {'status': 200, 'message': 'login success', 'data': None}
2025-05-27 22:17:02.598 | INFO     | src.server.service.auth_service:user_login:10 - {'status': 200, 'message': 'login success', 'data': None}
2025-05-27 22:17:02.934 | INFO     | src.server.service.auth_service:user_login:10 - {'status': 200, 'message': 'login success', 'data': None}
2025-05-27 22:17:03.073 | INFO     | src.server.service.auth_service:user_login:10 - {'status': 200, 'message': 'login success', 'data': None}
2025-05-27 22:17:03.211 | INFO     | src.server.service.auth_service:user_login:10 - {'status': 200, 'message': 'login success', 'data': None}
2025-05-27 22:17:11.653 | INFO     | src.server.service.auth_service:user_login:7 - {'status': 200, 'message': 'login success', 'data': None}
2025-05-27 22:17:12.389 | INFO     | src.server.service.auth_service:user_login:7 - {'status': 200, 'message': 'login success', 'data': None}
2025-05-27 22:17:12.547 | INFO     | src.server.service.auth_service:user_login:7 - {'status': 200, 'message': 'login success', 'data': None}
2025-05-27 22:17:12.712 | INFO     | src.server.service.auth_service:user_login:7 - {'status': 200, 'message': 'login success', 'data': None}
2025-05-27 22:17:12.862 | INFO     | src.server.service.auth_service:user_login:7 - {'status': 200, 'message': 'login success', 'data': None}
2025-05-27 22:17:13.009 | INFO     | src.server.service.auth_service:user_login:7 - {'status': 200, 'message': 'login success', 'data': None}
2025-05-27 22:17:13.148 | INFO     | src.server.service.auth_service:user_login:7 - {'status': 200, 'message': 'login success', 'data': None}
2025-05-27 22:18:19.896 | INFO     | src.server.service.auth_service:user_login:10 - {'status': 200, 'message': 'login success', 'data': None}
2025-05-27 22:18:20.244 | INFO     | src.server.service.auth_service:user_login:10 - {'status': 200, 'message': 'login success', 'data': None}
2025-05-27 22:18:20.395 | INFO     | src.server.service.auth_service:user_login:10 - {'status': 200, 'message': 'login success', 'data': None}
2025-05-27 22:18:20.545 | INFO     | src.server.service.auth_service:user_login:10 - {'status': 200, 'message': 'login success', 'data': None}
2025-05-27 22:18:20.704 | INFO     | src.server.service.auth_service:user_login:10 - {'status': 200, 'message': 'login success', 'data': None}
2025-05-27 22:18:20.833 | INFO     | src.server.service.auth_service:user_login:10 - {'status': 200, 'message': 'login success', 'data': None}
2025-05-27 22:21:31.408 | INFO     | src.server.service.auth_service:user_login:10 - {'status': 200, 'message': 'login success', 'data': None}
2025-05-27 22:21:40.129 | INFO     | src.server.service.auth_service:user_login:10 - {'status': 200, 'message': 'login success', 'data': None}
2025-05-27 22:56:45.263 | INFO     | src.server.service.auth_service:user_login:10 - {'status': 200, 'message': 'login success', 'data': None}
2025-05-27 22:56:45.385 | INFO     | src.server.service.auth_service:user_login:10 - {'status': 200, 'message': 'login success', 'data': None}
2025-05-27 22:56:45.516 | INFO     | src.server.service.auth_service:user_login:10 - {'status': 200, 'message': 'login success', 'data': None}
2025-05-27 22:56:50.923 | INFO     | src.server.service.auth_service:user_login:10 - {'status': 200, 'message': 'login success', 'data': None}
2025-05-27 22:56:51.083 | INFO     | src.server.service.auth_service:user_login:10 - {'status': 200, 'message': 'login success', 'data': None}
2025-05-27 22:56:51.225 | INFO     | src.server.service.auth_service:user_login:10 - {'status': 200, 'message': 'login success', 'data': None}
2025-05-27 22:56:51.370 | INFO     | src.server.service.auth_service:user_login:10 - {'status': 200, 'message': 'login success', 'data': None}
2025-05-27 22:56:51.502 | INFO     | src.server.service.auth_service:user_login:10 - {'status': 200, 'message': 'login success', 'data': None}
2025-05-27 22:57:00.618 | INFO     | src.server.service.auth_service:user_login:10 - {'status': 200, 'message': 'login success', 'data': None}
2025-05-27 22:57:00.766 | INFO     | src.server.service.auth_service:user_login:10 - {'status': 200, 'message': 'login success', 'data': None}
2025-05-27 22:57:00.922 | INFO     | src.server.service.auth_service:user_login:10 - {'status': 200, 'message': 'login success', 'data': None}
2025-05-27 22:57:01.067 | INFO     | src.server.service.auth_service:user_login:10 - {'status': 200, 'message': 'login success', 'data': None}
2025-05-27 22:57:01.228 | INFO     | src.server.service.auth_service:user_login:10 - {'status': 200, 'message': 'login success', 'data': None}
2025-05-27 22:57:01.387 | INFO     | src.server.service.auth_service:user_login:10 - {'status': 200, 'message': 'login success', 'data': None}
2025-05-27 22:57:01.542 | INFO     | src.server.service.auth_service:user_login:10 - {'status': 200, 'message': 'login success', 'data': None}
2025-05-27 22:57:01.708 | INFO     | src.server.service.auth_service:user_login:10 - {'status': 200, 'message': 'login success', 'data': None}
2025-05-27 22:57:01.878 | INFO     | src.server.service.auth_service:user_login:10 - {'status': 200, 'message': 'login success', 'data': None}
2025-05-27 22:57:02.037 | INFO     | src.server.service.auth_service:user_login:10 - {'status': 200, 'message': 'login success', 'data': None}
2025-05-27 22:57:02.205 | INFO     | src.server.service.auth_service:user_login:10 - {'status': 200, 'message': 'login success', 'data': None}
2025-05-27 22:57:02.357 | INFO     | src.server.service.auth_service:user_login:10 - {'status': 200, 'message': 'login success', 'data': None}
2025-05-27 22:57:02.516 | INFO     | src.server.service.auth_service:user_login:10 - {'status': 200, 'message': 'login success', 'data': None}
2025-05-27 22:57:02.672 | INFO     | src.server.service.auth_service:user_login:10 - {'status': 200, 'message': 'login success', 'data': None}
2025-05-27 22:57:02.825 | INFO     | src.server.service.auth_service:user_login:10 - {'status': 200, 'message': 'login success', 'data': None}
2025-05-27 22:57:02.988 | INFO     | src.server.service.auth_service:user_login:10 - {'status': 200, 'message': 'login success', 'data': None}
2025-05-27 22:57:03.162 | INFO     | src.server.service.auth_service:user_login:10 - {'status': 200, 'message': 'login success', 'data': None}
2025-05-27 22:57:03.345 | INFO     | src.server.service.auth_service:user_login:10 - {'status': 200, 'message': 'login success', 'data': None}
2025-05-27 22:57:03.508 | INFO     | src.server.service.auth_service:user_login:10 - {'status': 200, 'message': 'login success', 'data': None}
2025-05-27 22:57:03.640 | INFO     | src.server.service.auth_service:user_login:10 - {'status': 200, 'message': 'login success', 'data': None}
2025-05-27 23:07:50.840 | INFO     | src.server.service.auth_service:user_login:10 - {'status': 200, 'message': 'login success', 'data': None}
2025-05-27 23:07:50.957 | INFO     | src.server.service.auth_service:user_login:10 - {'status': 200, 'message': 'login success', 'data': None}
2025-05-27 23:07:51.081 | INFO     | src.server.service.auth_service:user_login:10 - {'status': 200, 'message': 'login success', 'data': None}
2025-06-14 23:09:21.329 | INFO     | __main__:<module>:9 - [START SERVER]
2025-06-14 23:09:21.329 | INFO     | __main__:<module>:9 - [START SERVER]
2025-06-14 23:09:21.329 | INFO     | __main__:<module>:10 - Runtime Mode | None
2025-06-14 23:09:21.329 | INFO     | __main__:<module>:10 - Runtime Mode | None
2025-06-14 23:09:21.351 | INFO     | __main__:<module>:11 - Operate System | macOS-15.5-arm64-arm-64bit
2025-06-14 23:09:21.351 | INFO     | __main__:<module>:11 - Operate System | macOS-15.5-arm64-arm-64bit
2025-06-14 23:09:21.351 | INFO     | __main__:<module>:12 - Python Edition | 3.11.9 (v3.11.9:de54cf5be3, Apr  2 2024, 07:12:50) [Clang 13.0.0 (clang-1300.0.29.30)]
2025-06-14 23:09:21.351 | INFO     | __main__:<module>:12 - Python Edition | 3.11.9 (v3.11.9:de54cf5be3, Apr  2 2024, 07:12:50) [Clang 13.0.0 (clang-1300.0.29.30)]
2025-06-14 23:10:58.993 | INFO     | __main__:<module>:9 - [START SERVER]
2025-06-14 23:10:58.993 | INFO     | __main__:<module>:9 - [START SERVER]
2025-06-14 23:10:58.993 | INFO     | __main__:<module>:10 - Runtime Mode | None
2025-06-14 23:10:58.993 | INFO     | __main__:<module>:10 - Runtime Mode | None
2025-06-14 23:10:59.007 | INFO     | __main__:<module>:11 - Operate System | macOS-15.5-arm64-arm-64bit
2025-06-14 23:10:59.007 | INFO     | __main__:<module>:11 - Operate System | macOS-15.5-arm64-arm-64bit
2025-06-14 23:10:59.007 | INFO     | __main__:<module>:12 - Python Edition | 3.11.9 (v3.11.9:de54cf5be3, Apr  2 2024, 07:12:50) [Clang 13.0.0 (clang-1300.0.29.30)]
2025-06-14 23:10:59.007 | INFO     | __main__:<module>:12 - Python Edition | 3.11.9 (v3.11.9:de54cf5be3, Apr  2 2024, 07:12:50) [Clang 13.0.0 (clang-1300.0.29.30)]
2025-06-14 23:14:10.394 | INFO     | __main__:<module>:9 - [START SERVER]
2025-06-14 23:14:10.394 | INFO     | __main__:<module>:9 - [START SERVER]
2025-06-14 23:14:10.394 | INFO     | __main__:<module>:10 - Runtime Mode | None
2025-06-14 23:14:10.394 | INFO     | __main__:<module>:10 - Runtime Mode | None
2025-06-14 23:14:10.409 | INFO     | __main__:<module>:11 - Operate System | macOS-15.5-arm64-arm-64bit
2025-06-14 23:14:10.409 | INFO     | __main__:<module>:11 - Operate System | macOS-15.5-arm64-arm-64bit
2025-06-14 23:14:10.409 | INFO     | __main__:<module>:12 - Python Edition | 3.11.9 (v3.11.9:de54cf5be3, Apr  2 2024, 07:12:50) [Clang 13.0.0 (clang-1300.0.29.30)]
2025-06-14 23:14:10.409 | INFO     | __main__:<module>:12 - Python Edition | 3.11.9 (v3.11.9:de54cf5be3, Apr  2 2024, 07:12:50) [Clang 13.0.0 (clang-1300.0.29.30)]
2025-06-14 23:16:55.672 | INFO     | __main__:<module>:9 - [START SERVER]
2025-06-14 23:16:55.672 | INFO     | __main__:<module>:9 - [START SERVER]
2025-06-14 23:16:55.672 | INFO     | __main__:<module>:10 - Runtime Mode | None
2025-06-14 23:16:55.672 | INFO     | __main__:<module>:10 - Runtime Mode | None
2025-06-14 23:16:55.687 | INFO     | __main__:<module>:11 - Operate System | macOS-15.5-arm64-arm-64bit
2025-06-14 23:16:55.687 | INFO     | __main__:<module>:11 - Operate System | macOS-15.5-arm64-arm-64bit
2025-06-14 23:16:55.687 | INFO     | __main__:<module>:12 - Python Edition | 3.11.9 (v3.11.9:de54cf5be3, Apr  2 2024, 07:12:50) [Clang 13.0.0 (clang-1300.0.29.30)]
2025-06-14 23:16:55.687 | INFO     | __main__:<module>:12 - Python Edition | 3.11.9 (v3.11.9:de54cf5be3, Apr  2 2024, 07:12:50) [Clang 13.0.0 (clang-1300.0.29.30)]
2025-06-14 23:17:26.705 | INFO     | __main__:<module>:9 - [START SERVER]
2025-06-14 23:17:26.705 | INFO     | __main__:<module>:9 - [START SERVER]
2025-06-14 23:17:26.705 | INFO     | __main__:<module>:10 - Runtime Mode | None
2025-06-14 23:17:26.705 | INFO     | __main__:<module>:10 - Runtime Mode | None
2025-06-14 23:17:26.718 | INFO     | __main__:<module>:11 - Operate System | macOS-15.5-arm64-arm-64bit
2025-06-14 23:17:26.718 | INFO     | __main__:<module>:11 - Operate System | macOS-15.5-arm64-arm-64bit
2025-06-14 23:17:26.718 | INFO     | __main__:<module>:12 - Python Edition | 3.11.9 (v3.11.9:de54cf5be3, Apr  2 2024, 07:12:50) [Clang 13.0.0 (clang-1300.0.29.30)]
2025-06-14 23:17:26.718 | INFO     | __main__:<module>:12 - Python Edition | 3.11.9 (v3.11.9:de54cf5be3, Apr  2 2024, 07:12:50) [Clang 13.0.0 (clang-1300.0.29.30)]
2025-06-14 23:17:57.901 | INFO     | src.server.service.user_service:user_register:16 - 🟢 新增用户:[START] ==> 0x7o7
2025-06-14 23:17:57.901 | INFO     | src.server.service.user_service:user_register:16 - 🟢 新增用户:[START] ==> 0x7o7
2025-06-14 23:17:57.906 | ERROR    | src.server.service.user_service:user_register:34 - 🔴 新增用户:[END]
2025-06-14 23:17:57.906 | ERROR    | src.server.service.user_service:user_register:34 - 🔴 新增用户:[END]
2025-06-14 23:17:57.907 | ERROR    | src.server.service.user_service:user_register:35 - 'NoneType' object has no attribute 'id'
2025-06-14 23:17:57.907 | ERROR    | src.server.service.user_service:user_register:35 - 'NoneType' object has no attribute 'id'
2025-06-14 23:18:18.978 | INFO     | __main__:<module>:9 - [START SERVER]
2025-06-14 23:18:18.978 | INFO     | __main__:<module>:9 - [START SERVER]
2025-06-14 23:18:18.978 | INFO     | __main__:<module>:10 - Runtime Mode | None
2025-06-14 23:18:18.978 | INFO     | __main__:<module>:10 - Runtime Mode | None
2025-06-14 23:18:18.991 | INFO     | __main__:<module>:11 - Operate System | macOS-15.5-arm64-arm-64bit
2025-06-14 23:18:18.991 | INFO     | __main__:<module>:11 - Operate System | macOS-15.5-arm64-arm-64bit
2025-06-14 23:18:18.991 | INFO     | __main__:<module>:12 - Python Edition | 3.11.9 (v3.11.9:de54cf5be3, Apr  2 2024, 07:12:50) [Clang 13.0.0 (clang-1300.0.29.30)]
2025-06-14 23:18:18.991 | INFO     | __main__:<module>:12 - Python Edition | 3.11.9 (v3.11.9:de54cf5be3, Apr  2 2024, 07:12:50) [Clang 13.0.0 (clang-1300.0.29.30)]
2025-06-14 23:18:21.496 | INFO     | src.server.service.user_service:user_register:17 - 🟢 新增用户:[START] ==> 0x7o7
2025-06-14 23:18:21.496 | INFO     | src.server.service.user_service:user_register:17 - 🟢 新增用户:[START] ==> 0x7o7
2025-06-14 23:18:21.502 | ERROR    | src.server.service.user_service:user_register:35 - 🔴 新增用户:[END]
2025-06-14 23:18:21.502 | ERROR    | src.server.service.user_service:user_register:35 - 🔴 新增用户:[END]
2025-06-14 23:18:21.502 | ERROR    | src.server.service.user_service:user_register:36 - 'NoneType' object has no attribute 'id'
2025-06-14 23:18:21.502 | ERROR    | src.server.service.user_service:user_register:36 - 'NoneType' object has no attribute 'id'
2025-06-14 23:18:21.503 | ERROR    | src.server.service.user_service:user_register:37 - Traceback (most recent call last):
  File "/Users/0x7o7/0x7o7_workspace/0x7o7.service/src/server/service/user_service.py", line 19, in user_register
    check_info, check_tag = get_user_by_id(user_phone=phone, user_email=mail)
                            ^^^^^^^^^^^^^^^^^^^^^^^^^^^^^^^^^^^^^^^^^^^^^^^^^
  File "/Users/0x7o7/0x7o7_workspace/0x7o7.service/src/server/db/session.py", line 28, in wrapper
    result = f(session, *args, **kwargs)
             ^^^^^^^^^^^^^^^^^^^^^^^^^^^
  File "/Users/0x7o7/0x7o7_workspace/0x7o7.service/src/server/db/repository/user_repository.py", line 19, in get_user_by_id
    return user_obj.id, True
           ^^^^^^^^^^^
AttributeError: 'NoneType' object has no attribute 'id'

2025-06-14 23:18:21.503 | ERROR    | src.server.service.user_service:user_register:37 - Traceback (most recent call last):
  File "/Users/0x7o7/0x7o7_workspace/0x7o7.service/src/server/service/user_service.py", line 19, in user_register
    check_info, check_tag = get_user_by_id(user_phone=phone, user_email=mail)
                            ^^^^^^^^^^^^^^^^^^^^^^^^^^^^^^^^^^^^^^^^^^^^^^^^^
  File "/Users/0x7o7/0x7o7_workspace/0x7o7.service/src/server/db/session.py", line 28, in wrapper
    result = f(session, *args, **kwargs)
             ^^^^^^^^^^^^^^^^^^^^^^^^^^^
  File "/Users/0x7o7/0x7o7_workspace/0x7o7.service/src/server/db/repository/user_repository.py", line 19, in get_user_by_id
    return user_obj.id, True
           ^^^^^^^^^^^
AttributeError: 'NoneType' object has no attribute 'id'

2025-06-14 23:19:46.133 | INFO     | __main__:<module>:9 - [START SERVER]
2025-06-14 23:19:46.133 | INFO     | __main__:<module>:9 - [START SERVER]
2025-06-14 23:19:46.134 | INFO     | __main__:<module>:10 - Runtime Mode | None
2025-06-14 23:19:46.134 | INFO     | __main__:<module>:10 - Runtime Mode | None
2025-06-14 23:19:46.148 | INFO     | __main__:<module>:11 - Operate System | macOS-15.5-arm64-arm-64bit
2025-06-14 23:19:46.148 | INFO     | __main__:<module>:11 - Operate System | macOS-15.5-arm64-arm-64bit
2025-06-14 23:19:46.148 | INFO     | __main__:<module>:12 - Python Edition | 3.11.9 (v3.11.9:de54cf5be3, Apr  2 2024, 07:12:50) [Clang 13.0.0 (clang-1300.0.29.30)]
2025-06-14 23:19:46.148 | INFO     | __main__:<module>:12 - Python Edition | 3.11.9 (v3.11.9:de54cf5be3, Apr  2 2024, 07:12:50) [Clang 13.0.0 (clang-1300.0.29.30)]
2025-06-14 23:19:47.561 | INFO     | src.server.service.user_service:user_register:17 - 🟢 新增用户:[START] ==> 0x7o7
2025-06-14 23:19:47.561 | INFO     | src.server.service.user_service:user_register:17 - 🟢 新增用户:[START] ==> 0x7o7
2025-06-14 23:19:47.824 | INFO     | src.server.service.user_service:user_register:30 - 🟢 新增用户:[END] 结果: SUCCESS!
2025-06-14 23:19:47.824 | INFO     | src.server.service.user_service:user_register:30 - 🟢 新增用户:[END] 结果: SUCCESS!
